<?xml version="1.0" encoding="UTF-8"?>
<robot generator="Robot 3.1.2 (Python 3.7.4 on win32)" generated="20200112 16:23:10.041" rpa="false">
<suite id="s1" name="MainTest" source="C:\Users\Łukasz\workspace\TAU\lab6\figures-app\MainTest.robot">
<test id="s1-t1" name="Traingle Test">
<kw name="Run Java Class With Args">
<arguments>
<arg>${mainClass}</arg>
<arg>2 3 4</arg>
</arguments>
<assign>
<var>${result}</var>
</assign>
<kw name="Run" library="OperatingSystem">
<doc>Runs the given command in the system and returns the output.</doc>
<arguments>
<arg>java -cp ${path} ${class_name} ${args}</arg>
</arguments>
<assign>
<var>${output}</var>
</assign>
<msg timestamp="20200112 16:23:10.139" level="INFO">Running command 'java -cp C:\Users\Łukasz\workspace\TAU\lab6\figures-app Main 2 3 4 2&gt;&amp;1'.</msg>
<msg timestamp="20200112 16:23:10.368" level="INFO">${output} = Trojkat roznoramienny</msg>
<status status="PASS" starttime="20200112 16:23:10.124" endtime="20200112 16:23:10.368"></status>
</kw>
<msg timestamp="20200112 16:23:10.368" level="INFO">${result} = Trojkat roznoramienny</msg>
<status status="PASS" starttime="20200112 16:23:10.124" endtime="20200112 16:23:10.368"></status>
</kw>
<kw name="Should Match" library="BuiltIn">
<doc>Fails if the given ``string`` does not match the given ``pattern``.</doc>
<arguments>
<arg>${result.replace("\n", " ")}</arg>
<arg>Trojkat roznoramienny</arg>
</arguments>
<status status="PASS" starttime="20200112 16:23:10.368" endtime="20200112 16:23:10.368"></status>
</kw>
<status status="PASS" starttime="20200112 16:23:10.124" endtime="20200112 16:23:10.368" critical="yes"></status>
</test>
<test id="s1-t2" name="Equilateral Triangle Test">
<kw name="Run Java Class With Args">
<arguments>
<arg>${mainClass}</arg>
<arg>3 3 3</arg>
</arguments>
<assign>
<var>${result}</var>
</assign>
<kw name="Run" library="OperatingSystem">
<doc>Runs the given command in the system and returns the output.</doc>
<arguments>
<arg>java -cp ${path} ${class_name} ${args}</arg>
</arguments>
<assign>
<var>${output}</var>
</assign>
<msg timestamp="20200112 16:23:10.384" level="INFO">Running command 'java -cp C:\Users\Łukasz\workspace\TAU\lab6\figures-app Main 3 3 3 2&gt;&amp;1'.</msg>
<msg timestamp="20200112 16:23:10.615" level="INFO">${output} = Trojkat rownoboczny</msg>
<status status="PASS" starttime="20200112 16:23:10.384" endtime="20200112 16:23:10.615"></status>
</kw>
<msg timestamp="20200112 16:23:10.615" level="INFO">${result} = Trojkat rownoboczny</msg>
<status status="PASS" starttime="20200112 16:23:10.368" endtime="20200112 16:23:10.615"></status>
</kw>
<kw name="Should Match" library="BuiltIn">
<doc>Fails if the given ``string`` does not match the given ``pattern``.</doc>
<arguments>
<arg>${result.replace("\n", " ")}</arg>
<arg>Trojkat rownoboczny</arg>
</arguments>
<status status="PASS" starttime="20200112 16:23:10.615" endtime="20200112 16:23:10.615"></status>
</kw>
<status status="PASS" starttime="20200112 16:23:10.368" endtime="20200112 16:23:10.615" critical="yes"></status>
</test>
<test id="s1-t3" name="Isosceles Traingle Test">
<kw name="Run Java Class With Args">
<arguments>
<arg>${mainClass}</arg>
<arg>2 2 3</arg>
</arguments>
<assign>
<var>${result}</var>
</assign>
<kw name="Run" library="OperatingSystem">
<doc>Runs the given command in the system and returns the output.</doc>
<arguments>
<arg>java -cp ${path} ${class_name} ${args}</arg>
</arguments>
<assign>
<var>${output}</var>
</assign>
<msg timestamp="20200112 16:23:10.615" level="INFO">Running command 'java -cp C:\Users\Łukasz\workspace\TAU\lab6\figures-app Main 2 2 3 2&gt;&amp;1'.</msg>
<msg timestamp="20200112 16:23:10.850" level="INFO">${output} = Trojkat rownoramienny</msg>
<status status="PASS" starttime="20200112 16:23:10.615" endtime="20200112 16:23:10.850"></status>
</kw>
<msg timestamp="20200112 16:23:10.850" level="INFO">${result} = Trojkat rownoramienny</msg>
<status status="PASS" starttime="20200112 16:23:10.615" endtime="20200112 16:23:10.850"></status>
</kw>
<kw name="Should Match" library="BuiltIn">
<doc>Fails if the given ``string`` does not match the given ``pattern``.</doc>
<arguments>
<arg>${result.replace("\n", " ")}</arg>
<arg>Trojkat rownoramienny</arg>
</arguments>
<status status="PASS" starttime="20200112 16:23:10.850" endtime="20200112 16:23:10.850"></status>
</kw>
<status status="PASS" starttime="20200112 16:23:10.615" endtime="20200112 16:23:10.850" critical="yes"></status>
</test>
<test id="s1-t4" name="Unrecognized Test">
<kw name="Run Java Class With Args">
<arguments>
<arg>${mainClass}</arg>
<arg>2 3 7</arg>
</arguments>
<assign>
<var>${result}</var>
</assign>
<kw name="Run" library="OperatingSystem">
<doc>Runs the given command in the system and returns the output.</doc>
<arguments>
<arg>java -cp ${path} ${class_name} ${args}</arg>
</arguments>
<assign>
<var>${output}</var>
</assign>
<msg timestamp="20200112 16:23:10.850" level="INFO">Running command 'java -cp C:\Users\Łukasz\workspace\TAU\lab6\figures-app Main 2 3 7 2&gt;&amp;1'.</msg>
<msg timestamp="20200112 16:23:11.053" level="INFO">${output} = nierozpoznano</msg>
<status status="PASS" starttime="20200112 16:23:10.850" endtime="20200112 16:23:11.053"></status>
</kw>
<msg timestamp="20200112 16:23:11.053" level="INFO">${result} = nierozpoznano</msg>
<status status="PASS" starttime="20200112 16:23:10.850" endtime="20200112 16:23:11.053"></status>
</kw>
<kw name="Should Match" library="BuiltIn">
<doc>Fails if the given ``string`` does not match the given ``pattern``.</doc>
<arguments>
<arg>${result.replace("\n", " ")}</arg>
<arg>nierozpoznano</arg>
</arguments>
<status status="PASS" starttime="20200112 16:23:11.053" endtime="20200112 16:23:11.053"></status>
</kw>
<status status="PASS" starttime="20200112 16:23:10.850" endtime="20200112 16:23:11.053" critical="yes"></status>
</test>
<test id="s1-t5" name="Unrecognized Test 2 value">
<kw name="Run Java Class With Args">
<arguments>
<arg>${mainClass}</arg>
<arg>1 2</arg>
</arguments>
<assign>
<var>${result}</var>
</assign>
<kw name="Run" library="OperatingSystem">
<doc>Runs the given command in the system and returns the output.</doc>
<arguments>
<arg>java -cp ${path} ${class_name} ${args}</arg>
</arguments>
<assign>
<var>${output}</var>
</assign>
<msg timestamp="20200112 16:23:11.069" level="INFO">Running command 'java -cp C:\Users\Łukasz\workspace\TAU\lab6\figures-app Main 1 2 2&gt;&amp;1'.</msg>
<msg timestamp="20200112 16:23:11.256" level="INFO">${output} = nierozpoznano</msg>
<status status="PASS" starttime="20200112 16:23:11.053" endtime="20200112 16:23:11.256"></status>
</kw>
<msg timestamp="20200112 16:23:11.256" level="INFO">${result} = nierozpoznano</msg>
<status status="PASS" starttime="20200112 16:23:11.053" endtime="20200112 16:23:11.256"></status>
</kw>
<kw name="Should Match" library="BuiltIn">
<doc>Fails if the given ``string`` does not match the given ``pattern``.</doc>
<arguments>
<arg>${result.replace("\n", " ")}</arg>
<arg>nierozpoznano</arg>
</arguments>
<status status="PASS" starttime="20200112 16:23:11.256" endtime="20200112 16:23:11.256"></status>
</kw>
<status status="PASS" starttime="20200112 16:23:11.053" endtime="20200112 16:23:11.256" critical="yes"></status>
</test>
<test id="s1-t6" name="Unrecognized Test 5 value">
<kw name="Run Java Class With Args">
<arguments>
<arg>${mainClass}</arg>
<arg>2 2 2 2 4</arg>
</arguments>
<assign>
<var>${result}</var>
</assign>
<kw name="Run" library="OperatingSystem">
<doc>Runs the given command in the system and returns the output.</doc>
<arguments>
<arg>java -cp ${path} ${class_name} ${args}</arg>
</arguments>
<assign>
<var>${output}</var>
</assign>
<msg timestamp="20200112 16:23:11.256" level="INFO">Running command 'java -cp C:\Users\Łukasz\workspace\TAU\lab6\figures-app Main 2 2 2 2 4 2&gt;&amp;1'.</msg>
<msg timestamp="20200112 16:23:11.459" level="INFO">${output} = nierozpoznano</msg>
<status status="PASS" starttime="20200112 16:23:11.256" endtime="20200112 16:23:11.459"></status>
</kw>
<msg timestamp="20200112 16:23:11.459" level="INFO">${result} = nierozpoznano</msg>
<status status="PASS" starttime="20200112 16:23:11.256" endtime="20200112 16:23:11.459"></status>
</kw>
<kw name="Should Match" library="BuiltIn">
<doc>Fails if the given ``string`` does not match the given ``pattern``.</doc>
<arguments>
<arg>${result.replace("\n", " ")}</arg>
<arg>nierozpoznano</arg>
</arguments>
<status status="PASS" starttime="20200112 16:23:11.459" endtime="20200112 16:23:11.459"></status>
</kw>
<status status="PASS" starttime="20200112 16:23:11.256" endtime="20200112 16:23:11.459" critical="yes"></status>
</test>
<test id="s1-t7" name="Traingle Test">
<kw name="Run Java Class With Args">
<arguments>
<arg>${mainClass}</arg>
<arg>1 1 3 3</arg>
</arguments>
<assign>
<var>${result}</var>
</assign>
<kw name="Run" library="OperatingSystem">
<doc>Runs the given command in the system and returns the output.</doc>
<arguments>
<arg>java -cp ${path} ${class_name} ${args}</arg>
</arguments>
<assign>
<var>${output}</var>
</assign>
<msg timestamp="20200112 16:23:11.459" level="INFO">Running command 'java -cp C:\Users\Łukasz\workspace\TAU\lab6\figures-app Main 1 1 3 3 2&gt;&amp;1'.</msg>
<msg timestamp="20200112 16:23:11.709" level="INFO">${output} = Prostokat</msg>
<status status="PASS" starttime="20200112 16:23:11.459" endtime="20200112 16:23:11.709"></status>
</kw>
<msg timestamp="20200112 16:23:11.709" level="INFO">${result} = Prostokat</msg>
<status status="PASS" starttime="20200112 16:23:11.459" endtime="20200112 16:23:11.709"></status>
</kw>
<kw name="Should Match" library="BuiltIn">
<doc>Fails if the given ``string`` does not match the given ``pattern``.</doc>
<arguments>
<arg>${result.replace("\n", " ")}</arg>
<arg>Prostokat</arg>
</arguments>
<status status="PASS" starttime="20200112 16:23:11.725" endtime="20200112 16:23:11.725"></status>
</kw>
<status status="PASS" starttime="20200112 16:23:11.459" endtime="20200112 16:23:11.725" critical="yes"></status>
</test>
<test id="s1-t8" name="Square Test">
<kw name="Run Java Class With Args">
<arguments>
<arg>${mainClass}</arg>
<arg>1 1 1 1</arg>
</arguments>
<assign>
<var>${result}</var>
</assign>
<kw name="Run" library="OperatingSystem">
<doc>Runs the given command in the system and returns the output.</doc>
<arguments>
<arg>java -cp ${path} ${class_name} ${args}</arg>
</arguments>
<assign>
<var>${output}</var>
</assign>
<msg timestamp="20200112 16:23:11.725" level="INFO">Running command 'java -cp C:\Users\Łukasz\workspace\TAU\lab6\figures-app Main 1 1 1 1 2&gt;&amp;1'.</msg>
<msg timestamp="20200112 16:23:11.944" level="INFO">${output} = Kwadrat</msg>
<status status="PASS" starttime="20200112 16:23:11.725" endtime="20200112 16:23:11.944"></status>
</kw>
<msg timestamp="20200112 16:23:11.944" level="INFO">${result} = Kwadrat</msg>
<status status="PASS" starttime="20200112 16:23:11.725" endtime="20200112 16:23:11.944"></status>
</kw>
<kw name="Should Match" library="BuiltIn">
<doc>Fails if the given ``string`` does not match the given ``pattern``.</doc>
<arguments>
<arg>${result.replace("\n", " ")}</arg>
<arg>Kwadrat</arg>
</arguments>
<status status="PASS" starttime="20200112 16:23:11.944" endtime="20200112 16:23:11.944"></status>
</kw>
<status status="PASS" starttime="20200112 16:23:11.725" endtime="20200112 16:23:11.944" critical="yes"></status>
</test>
<test id="s1-t9" name="Quadrangle">
<kw name="Run Java Class With Args">
<arguments>
<arg>${mainClass}</arg>
<arg>3 2 3 4</arg>
</arguments>
<assign>
<var>${result}</var>
</assign>
<kw name="Run" library="OperatingSystem">
<doc>Runs the given command in the system and returns the output.</doc>
<arguments>
<arg>java -cp ${path} ${class_name} ${args}</arg>
</arguments>
<assign>
<var>${output}</var>
</assign>
<msg timestamp="20200112 16:23:11.959" level="INFO">Running command 'java -cp C:\Users\Łukasz\workspace\TAU\lab6\figures-app Main 3 2 3 4 2&gt;&amp;1'.</msg>
<msg timestamp="20200112 16:23:12.194" level="INFO">${output} = Czworobok</msg>
<status status="PASS" starttime="20200112 16:23:11.944" endtime="20200112 16:23:12.194"></status>
</kw>
<msg timestamp="20200112 16:23:12.194" level="INFO">${result} = Czworobok</msg>
<status status="PASS" starttime="20200112 16:23:11.944" endtime="20200112 16:23:12.194"></status>
</kw>
<kw name="Should Match" library="BuiltIn">
<doc>Fails if the given ``string`` does not match the given ``pattern``.</doc>
<arguments>
<arg>${result.replace("\n", " ")}</arg>
<arg>Czworobok</arg>
</arguments>
<status status="PASS" starttime="20200112 16:23:12.194" endtime="20200112 16:23:12.194"></status>
</kw>
<status status="PASS" starttime="20200112 16:23:11.944" endtime="20200112 16:23:12.194" critical="yes"></status>
</test>
<doc>Test figures</doc>
<status status="PASS" starttime="20200112 16:23:10.056" endtime="20200112 16:23:12.194"></status>
</suite>
<statistics>
<total>
<stat pass="9" fail="0">Critical Tests</stat>
<stat pass="9" fail="0">All Tests</stat>
</total>
<tag>
</tag>
<suite>
<stat pass="9" fail="0" id="s1" name="MainTest">MainTest</stat>
</suite>
</statistics>
<errors>
<msg timestamp="20200112 16:23:11.459" level="WARN">Multiple test cases with name 'Traingle Test' executed in test suite 'MainTest'.</msg>
</errors>
</robot>
