<?xml version="1.0" encoding="UTF-8"?>
<testsuite xmlns:xsi="http://www.w3.org/2001/XMLSchema-instance" xsi:noNamespaceSchemaLocation="https://maven.apache.org/surefire/maven-surefire-plugin/xsd/surefire-test-report.xsd" name="pl.pjwstk.tau.service.MealListServiceTest" time="0.015" tests="9" errors="0" skipped="0" failures="0">
  <properties>
[...]
</properties>
  <testcase name="getMealByName" classname="pl.pjwstk.tau.service.MealListServiceTest" time="0"/>
  <testcase name="addMealToList" classname="pl.pjwstk.tau.service.MealListServiceTest" time="0"/>
  <testcase name="deleteMealByNoExistIdShouldFail" classname="pl.pjwstk.tau.service.MealListServiceTest" time="0"/>
  <testcase name="getAllMeals" classname="pl.pjwstk.tau.service.MealListServiceTest" time="0"/>
  <testcase name="updateMeal" classname="pl.pjwstk.tau.service.MealListServiceTest" time="0"/>
  <testcase name="getMealByNoExistIdShouldThrowNoSuchElementException" classname="pl.pjwstk.tau.service.MealListServiceTest" time="0"/>
  <testcase name="getMealById" classname="pl.pjwstk.tau.service.MealListServiceTest" time="0"/>
  <testcase name="deleteMealById" classname="pl.pjwstk.tau.service.MealListServiceTest" time="0"/>
  <testcase name="updateMealShouldThrowNoSuchElementException" classname="pl.pjwstk.tau.service.MealListServiceTest" time="0"/>
</testsuite>