<?xml version="1.0" encoding="UTF-8"?>
<robot generator="Robot 3.1.2 (Python 3.7.4 on win32)" generated="20200112 01:33:48.288" rpa="false">
<suite id="s1" name="WebTest" source="C:\Users\Łukasz\workspace\TAU\src\test\java\robot_framework\WebTest.robot">
<test id="s1-t1" name="Navigation">
<kw name="Open Browser To Main Page">
<kw name="Open Browser" library="SeleniumLibrary">
<doc>Opens a new browser instance to the optional ``url``.</doc>
<arguments>
<arg>${MAIN URL}</arg>
<arg>${BROWSER}</arg>
</arguments>
<msg timestamp="20200112 01:33:48.585" level="INFO">Opening browser 'Chrome' to base url 'http://automationpractice.com/index.php'.</msg>
<status status="PASS" starttime="20200112 01:33:48.585" endtime="20200112 01:33:55.057"></status>
</kw>
<kw name="Title Should Be" library="SeleniumLibrary">
<doc>Verifies that the current page title equals ``title``.</doc>
<arguments>
<arg>My Store</arg>
</arguments>
<msg timestamp="20200112 01:33:55.065" level="INFO">Page title is 'My Store'.</msg>
<status status="PASS" starttime="20200112 01:33:55.058" endtime="20200112 01:33:55.065"></status>
</kw>
<status status="PASS" starttime="20200112 01:33:48.585" endtime="20200112 01:33:55.065"></status>
</kw>
<kw name="Got To Contact Us Page">
<kw name="Click Element" library="SeleniumLibrary">
<doc>Click the element identified by ``locator``.</doc>
<arguments>
<arg>xpath=//*[@id="contact-link"]/a</arg>
</arguments>
<msg timestamp="20200112 01:33:55.066" level="INFO">Clicking element 'xpath=//*[@id="contact-link"]/a'.</msg>
<status status="PASS" starttime="20200112 01:33:55.066" endtime="20200112 01:33:55.658"></status>
</kw>
<status status="PASS" starttime="20200112 01:33:55.066" endtime="20200112 01:33:55.659"></status>
</kw>
<kw name="Contact Us Page Should Be Open">
<kw name="Location Should Be" library="SeleniumLibrary">
<doc>Verifies that the current URL is exactly ``url``.</doc>
<arguments>
<arg>${CONTACT US URL}</arg>
</arguments>
<msg timestamp="20200112 01:33:55.698" level="INFO">Current location is 'http://automationpractice.com/index.php?controller=contact'.</msg>
<status status="PASS" starttime="20200112 01:33:55.660" endtime="20200112 01:33:55.698"></status>
</kw>
<status status="PASS" starttime="20200112 01:33:55.659" endtime="20200112 01:33:55.699"></status>
</kw>
<kw name="Close Browser" library="SeleniumLibrary" type="teardown">
<doc>Closes the current browser.</doc>
<status status="PASS" starttime="20200112 01:33:55.699" endtime="20200112 01:33:57.863"></status>
</kw>
<status status="PASS" starttime="20200112 01:33:48.570" endtime="20200112 01:33:57.863" critical="yes"></status>
</test>
<test id="s1-t2" name="Valid Login">
<kw name="Set Selenium Speed" library="SeleniumLibrary">
<doc>Sets the delay that is waited after each Selenium command.</doc>
<arguments>
<arg>1</arg>
</arguments>
<status status="PASS" starttime="20200112 01:33:57.863" endtime="20200112 01:33:57.863"></status>
</kw>
<kw name="Open Browser To Main Page">
<kw name="Open Browser" library="SeleniumLibrary">
<doc>Opens a new browser instance to the optional ``url``.</doc>
<arguments>
<arg>${MAIN URL}</arg>
<arg>${BROWSER}</arg>
</arguments>
<msg timestamp="20200112 01:33:57.863" level="INFO">Opening browser 'Chrome' to base url 'http://automationpractice.com/index.php'.</msg>
<status status="PASS" starttime="20200112 01:33:57.863" endtime="20200112 01:34:05.746"></status>
</kw>
<kw name="Title Should Be" library="SeleniumLibrary">
<doc>Verifies that the current page title equals ``title``.</doc>
<arguments>
<arg>My Store</arg>
</arguments>
<msg timestamp="20200112 01:34:06.761" level="INFO">Page title is 'My Store'.</msg>
<status status="PASS" starttime="20200112 01:34:05.746" endtime="20200112 01:34:06.761"></status>
</kw>
<status status="PASS" starttime="20200112 01:33:57.863" endtime="20200112 01:34:06.761"></status>
</kw>
<kw name="Log In">
<kw name="Click Element" library="SeleniumLibrary">
<doc>Click the element identified by ``locator``.</doc>
<arguments>
<arg>class=login</arg>
</arguments>
<msg timestamp="20200112 01:34:06.761" level="INFO">Clicking element 'class=login'.</msg>
<status status="PASS" starttime="20200112 01:34:06.761" endtime="20200112 01:34:10.276"></status>
</kw>
<status status="PASS" starttime="20200112 01:34:06.761" endtime="20200112 01:34:10.276"></status>
</kw>
<kw name="Input Email">
<arguments>
<arg>${VALID EMAIL}</arg>
</arguments>
<kw name="Input Text" library="SeleniumLibrary">
<doc>Types the given ``text`` into the text field identified by ``locator``.</doc>
<arguments>
<arg>email</arg>
<arg>${email}</arg>
</arguments>
<msg timestamp="20200112 01:34:10.276" level="INFO">Typing text 'testselenium-1@wp.pl' into text field 'email'.</msg>
<status status="PASS" starttime="20200112 01:34:10.276" endtime="20200112 01:34:13.509"></status>
</kw>
<status status="PASS" starttime="20200112 01:34:10.276" endtime="20200112 01:34:13.509"></status>
</kw>
<kw name="Input Password">
<arguments>
<arg>${VALID PASSWORD}</arg>
</arguments>
<kw name="Input Text" library="SeleniumLibrary">
<doc>Types the given ``text`` into the text field identified by ``locator``.</doc>
<arguments>
<arg>passwd</arg>
<arg>${passwd}</arg>
</arguments>
<msg timestamp="20200112 01:34:13.509" level="INFO">Typing text 'testselenium' into text field 'passwd'.</msg>
<status status="PASS" starttime="20200112 01:34:13.509" endtime="20200112 01:34:16.779"></status>
</kw>
<status status="PASS" starttime="20200112 01:34:13.509" endtime="20200112 01:34:16.779"></status>
</kw>
<kw name="Submit Credentials">
<kw name="Click Button" library="SeleniumLibrary">
<doc>Clicks the button identified by ``locator``.</doc>
<arguments>
<arg>SubmitLogin</arg>
</arguments>
<msg timestamp="20200112 01:34:16.794" level="INFO">Clicking button 'SubmitLogin'.</msg>
<status status="PASS" starttime="20200112 01:34:16.793" endtime="20200112 01:34:22.489"></status>
</kw>
<status status="PASS" starttime="20200112 01:34:16.779" endtime="20200112 01:34:22.489"></status>
</kw>
<kw name="My Account Page Should Be Open">
<kw name="Title Should Be" library="SeleniumLibrary">
<doc>Verifies that the current page title equals ``title``.</doc>
<arguments>
<arg>My account - My Store</arg>
</arguments>
<msg timestamp="20200112 01:34:23.507" level="INFO">Page title is 'My account - My Store'.</msg>
<status status="PASS" starttime="20200112 01:34:22.491" endtime="20200112 01:34:23.507"></status>
</kw>
<status status="PASS" starttime="20200112 01:34:22.491" endtime="20200112 01:34:23.507"></status>
</kw>
<kw name="Close Browser" library="SeleniumLibrary" type="teardown">
<doc>Closes the current browser.</doc>
<status status="PASS" starttime="20200112 01:34:23.507" endtime="20200112 01:34:26.585"></status>
</kw>
<status status="PASS" starttime="20200112 01:33:57.863" endtime="20200112 01:34:26.585" critical="yes"></status>
</test>
<test id="s1-t3" name="Invalid Login">
<kw name="Set Selenium Speed" library="SeleniumLibrary">
<doc>Sets the delay that is waited after each Selenium command.</doc>
<arguments>
<arg>1</arg>
</arguments>
<status status="PASS" starttime="20200112 01:34:26.585" endtime="20200112 01:34:26.585"></status>
</kw>
<kw name="Open Browser To Main Page">
<kw name="Open Browser" library="SeleniumLibrary">
<doc>Opens a new browser instance to the optional ``url``.</doc>
<arguments>
<arg>${MAIN URL}</arg>
<arg>${BROWSER}</arg>
</arguments>
<msg timestamp="20200112 01:34:26.585" level="INFO">Opening browser 'Chrome' to base url 'http://automationpractice.com/index.php'.</msg>
<status status="PASS" starttime="20200112 01:34:26.585" endtime="20200112 01:34:34.417"></status>
</kw>
<kw name="Title Should Be" library="SeleniumLibrary">
<doc>Verifies that the current page title equals ``title``.</doc>
<arguments>
<arg>My Store</arg>
</arguments>
<msg timestamp="20200112 01:34:35.424" level="INFO">Page title is 'My Store'.</msg>
<status status="PASS" starttime="20200112 01:34:34.417" endtime="20200112 01:34:35.424"></status>
</kw>
<status status="PASS" starttime="20200112 01:34:26.585" endtime="20200112 01:34:35.424"></status>
</kw>
<kw name="Log In">
<kw name="Click Element" library="SeleniumLibrary">
<doc>Click the element identified by ``locator``.</doc>
<arguments>
<arg>class=login</arg>
</arguments>
<msg timestamp="20200112 01:34:35.424" level="INFO">Clicking element 'class=login'.</msg>
<status status="PASS" starttime="20200112 01:34:35.424" endtime="20200112 01:34:38.964"></status>
</kw>
<status status="PASS" starttime="20200112 01:34:35.424" endtime="20200112 01:34:38.964"></status>
</kw>
<kw name="Input Email">
<arguments>
<arg>${INVALID EMAIL}</arg>
</arguments>
<kw name="Input Text" library="SeleniumLibrary">
<doc>Types the given ``text`` into the text field identified by ``locator``.</doc>
<arguments>
<arg>email</arg>
<arg>${email}</arg>
</arguments>
<msg timestamp="20200112 01:34:38.964" level="INFO">Typing text 'test@wp.pl' into text field 'email'.</msg>
<status status="PASS" starttime="20200112 01:34:38.964" endtime="20200112 01:34:42.191"></status>
</kw>
<status status="PASS" starttime="20200112 01:34:38.964" endtime="20200112 01:34:42.191"></status>
</kw>
<kw name="Input Password">
<arguments>
<arg>${INVALID PASSWORD}</arg>
</arguments>
<kw name="Input Text" library="SeleniumLibrary">
<doc>Types the given ``text`` into the text field identified by ``locator``.</doc>
<arguments>
<arg>passwd</arg>
<arg>${passwd}</arg>
</arguments>
<msg timestamp="20200112 01:34:42.191" level="INFO">Typing text 'test123' into text field 'passwd'.</msg>
<status status="PASS" starttime="20200112 01:34:42.191" endtime="20200112 01:34:45.393"></status>
</kw>
<status status="PASS" starttime="20200112 01:34:42.191" endtime="20200112 01:34:45.393"></status>
</kw>
<kw name="Submit Credentials">
<kw name="Click Button" library="SeleniumLibrary">
<doc>Clicks the button identified by ``locator``.</doc>
<arguments>
<arg>SubmitLogin</arg>
</arguments>
<msg timestamp="20200112 01:34:45.394" level="INFO">Clicking button 'SubmitLogin'.</msg>
<status status="PASS" starttime="20200112 01:34:45.394" endtime="20200112 01:34:50.473"></status>
</kw>
<status status="PASS" starttime="20200112 01:34:45.394" endtime="20200112 01:34:50.473"></status>
</kw>
<kw name="Alert Page Should Be Open">
<kw name="Location Should Be" library="SeleniumLibrary">
<doc>Verifies that the current URL is exactly ``url``.</doc>
<arguments>
<arg>${ALERT URL}</arg>
</arguments>
<msg timestamp="20200112 01:34:51.476" level="INFO">Current location is 'http://automationpractice.com/index.php?controller=authentication'.</msg>
<status status="PASS" starttime="20200112 01:34:50.473" endtime="20200112 01:34:51.476"></status>
</kw>
<status status="PASS" starttime="20200112 01:34:50.473" endtime="20200112 01:34:51.476"></status>
</kw>
<kw name="Close Browser" library="SeleniumLibrary" type="teardown">
<doc>Closes the current browser.</doc>
<status status="PASS" starttime="20200112 01:34:51.476" endtime="20200112 01:34:54.568"></status>
</kw>
<status status="PASS" starttime="20200112 01:34:26.585" endtime="20200112 01:34:54.568" critical="yes"></status>
</test>
<test id="s1-t4" name="Invalid Registration">
<kw name="Set Selenium Speed" library="SeleniumLibrary">
<doc>Sets the delay that is waited after each Selenium command.</doc>
<arguments>
<arg>1</arg>
</arguments>
<status status="PASS" starttime="20200112 01:34:54.568" endtime="20200112 01:34:54.568"></status>
</kw>
<kw name="Open Browser To Main Page">
<kw name="Open Browser" library="SeleniumLibrary">
<doc>Opens a new browser instance to the optional ``url``.</doc>
<arguments>
<arg>${MAIN URL}</arg>
<arg>${BROWSER}</arg>
</arguments>
<msg timestamp="20200112 01:34:54.568" level="INFO">Opening browser 'Chrome' to base url 'http://automationpractice.com/index.php'.</msg>
<status status="PASS" starttime="20200112 01:34:54.568" endtime="20200112 01:35:01.968"></status>
</kw>
<kw name="Title Should Be" library="SeleniumLibrary">
<doc>Verifies that the current page title equals ``title``.</doc>
<arguments>
<arg>My Store</arg>
</arguments>
<msg timestamp="20200112 01:35:02.985" level="INFO">Page title is 'My Store'.</msg>
<status status="PASS" starttime="20200112 01:35:01.968" endtime="20200112 01:35:02.985"></status>
</kw>
<status status="PASS" starttime="20200112 01:34:54.568" endtime="20200112 01:35:02.985"></status>
</kw>
<kw name="Log In">
<kw name="Click Element" library="SeleniumLibrary">
<doc>Click the element identified by ``locator``.</doc>
<arguments>
<arg>class=login</arg>
</arguments>
<msg timestamp="20200112 01:35:02.985" level="INFO">Clicking element 'class=login'.</msg>
<status status="PASS" starttime="20200112 01:35:02.985" endtime="20200112 01:35:06.542"></status>
</kw>
<status status="PASS" starttime="20200112 01:35:02.985" endtime="20200112 01:35:06.542"></status>
</kw>
<kw name="Input Create Email">
<arguments>
<arg>test1234@wp.pl</arg>
</arguments>
<kw name="Input Text" library="SeleniumLibrary">
<doc>Types the given ``text`` into the text field identified by ``locator``.</doc>
<arguments>
<arg>email_create</arg>
<arg>${email}</arg>
</arguments>
<msg timestamp="20200112 01:35:06.542" level="INFO">Typing text 'test1234@wp.pl' into text field 'email_create'.</msg>
<status status="PASS" starttime="20200112 01:35:06.542" endtime="20200112 01:35:09.776"></status>
</kw>
<status status="PASS" starttime="20200112 01:35:06.542" endtime="20200112 01:35:09.776"></status>
</kw>
<kw name="Create Account">
<kw name="Click Button" library="SeleniumLibrary">
<doc>Clicks the button identified by ``locator``.</doc>
<arguments>
<arg>xpath=//*[@id="SubmitCreate"]</arg>
</arguments>
<msg timestamp="20200112 01:35:09.776" level="INFO">Clicking button 'xpath=//*[@id="SubmitCreate"]'.</msg>
<status status="PASS" starttime="20200112 01:35:09.776" endtime="20200112 01:35:14.951"></status>
</kw>
<status status="PASS" starttime="20200112 01:35:09.776" endtime="20200112 01:35:14.951"></status>
</kw>
<kw name="Submit Account">
<kw name="Click Button" library="SeleniumLibrary">
<doc>Clicks the button identified by ``locator``.</doc>
<arguments>
<arg>xpath=//*[@id="submitAccount"]</arg>
</arguments>
<msg timestamp="20200112 01:35:14.953" level="INFO">Clicking button 'xpath=//*[@id="submitAccount"]'.</msg>
<status status="PASS" starttime="20200112 01:35:14.953" endtime="20200112 01:35:20.445"></status>
</kw>
<status status="PASS" starttime="20200112 01:35:14.952" endtime="20200112 01:35:20.445"></status>
</kw>
<kw name="Alert Page Should Be Open">
<kw name="Location Should Be" library="SeleniumLibrary">
<doc>Verifies that the current URL is exactly ``url``.</doc>
<arguments>
<arg>${ALERT URL}</arg>
</arguments>
<msg timestamp="20200112 01:35:21.456" level="INFO">Current location is 'http://automationpractice.com/index.php?controller=authentication'.</msg>
<status status="PASS" starttime="20200112 01:35:20.445" endtime="20200112 01:35:21.456"></status>
</kw>
<status status="PASS" starttime="20200112 01:35:20.445" endtime="20200112 01:35:21.456"></status>
</kw>
<kw name="Close Browser" library="SeleniumLibrary" type="teardown">
<doc>Closes the current browser.</doc>
<status status="PASS" starttime="20200112 01:35:21.456" endtime="20200112 01:35:24.512"></status>
</kw>
<status status="PASS" starttime="20200112 01:34:54.568" endtime="20200112 01:35:24.512" critical="yes"></status>
</test>
<doc>Simple example using SeleniumLibrary.</doc>
<status status="PASS" starttime="20200112 01:33:48.288" endtime="20200112 01:35:24.512"></status>
</suite>
<statistics>
<total>
<stat pass="4" fail="0">Critical Tests</stat>
<stat pass="4" fail="0">All Tests</stat>
</total>
<tag>
</tag>
<suite>
<stat pass="4" fail="0" id="s1" name="WebTest">WebTest</stat>
</suite>
</statistics>
<errors>
</errors>
</robot>
